<?xml version="1.0" encoding="UTF-8"?>
<!-- Generated by org.testng.reporters.JUnitXMLReporter -->
<testsuite ignored="0" hostname="MSI" failures="0" tests="18" name="Default test" time="0.053" errors="0" timestamp="2022-06-06T15:25:51 CHAST">
  <testcase classname="qsp.TestNGPack.Grouping" name="ft1" time="0.005"/>
  <testcase classname="qsp.TestNGPack.Grouping" name="ft2" time="0.001"/>
  <testcase classname="qsp.TestNGPack.Grouping" name="ft3" time="0.001"/>
  <testcase classname="qsp.TestNGPack.Grouping" name="ft4" time="0.001"/>
  <testcase classname="qsp.TestNGPack.Grouping" name="ft5" time="0.0"/>
  <testcase classname="qsp.TestNGPack.Grouping" name="ft6" time="0.0"/>
  <testcase classname="qsp.TestNGPack.Grouping" name="it1" time="0.001"/>
  <testcase classname="qsp.TestNGPack.Grouping" name="it2" time="0.0"/>
  <testcase classname="qsp.TestNGPack.Grouping" name="it3" time="0.0"/>
  <testcase classname="qsp.TestNGPack.Grouping" name="it4" time="0.0"/>
  <testcase classname="qsp.TestNGPack.Grouping" name="it5" time="0.001"/>
  <testcase classname="qsp.TestNGPack.Grouping" name="it6" time="0.001"/>
  <testcase classname="qsp.TestNGPack.Grouping" name="st1" time="0.0"/>
  <testcase classname="qsp.TestNGPack.Grouping" name="st2" time="0.0"/>
  <testcase classname="qsp.TestNGPack.Grouping" name="st3" time="0.0"/>
  <testcase classname="qsp.TestNGPack.Grouping" name="st4" time="0.001"/>
  <testcase classname="qsp.TestNGPack.Grouping" name="st5" time="0.001"/>
  <testcase classname="qsp.TestNGPack.Grouping" name="st6" time="0.001"/>
</testsuite> <!-- Default test -->
